CRITICAL - 2022-08-19 08:55:18 --> Invalid file: mensagem.php
in SYSTEMPATH\Exceptions\FrameworkException.php on line 33.
 1 SYSTEMPATH\View\View.php(201): CodeIgniter\Exceptions\FrameworkException::forInvalidFile('mensagem.php')
 2 SYSTEMPATH\Common.php(1137): CodeIgniter\View\View->render('mensagem', [], true)
 3 APPPATH\Controllers\Home.php(9): view('mensagem')
 4 SYSTEMPATH\CodeIgniter.php(904): App\Controllers\Home->index()
 5 SYSTEMPATH\CodeIgniter.php(457): CodeIgniter\CodeIgniter->runController(Object(App\Controllers\Home))
 6 SYSTEMPATH\CodeIgniter.php(340): CodeIgniter\CodeIgniter->handleRequest(null, Object(Config\Cache), false)
 7 FCPATH\index.php(67): CodeIgniter\CodeIgniter->run()
CRITICAL - 2022-08-19 09:03:52 --> Undefined variable: marcelo
in APPPATH\Views\message.php on line 237.
 1 APPPATH\Views\message.php(237): CodeIgniter\Debug\Exceptions->errorHandler(8, 'Undefined variable: marcelo', 'APPPATH\\Views\\message.php', 237, [])
 2 SYSTEMPATH\View\View.php(213): include('APPPATH\\Views\\message.php')
 3 SYSTEMPATH\View\View.php(216): CodeIgniter\View\View->CodeIgniter\View\{closure}()
 4 SYSTEMPATH\Common.php(1137): CodeIgniter\View\View->render('message', [], true)
 5 APPPATH\Controllers\Home.php(9): view('message')
 6 SYSTEMPATH\CodeIgniter.php(904): App\Controllers\Home->index()
 7 SYSTEMPATH\CodeIgniter.php(457): CodeIgniter\CodeIgniter->runController(Object(App\Controllers\Home))
 8 SYSTEMPATH\CodeIgniter.php(340): CodeIgniter\CodeIgniter->handleRequest(null, Object(Config\Cache), false)
 9 FCPATH\index.php(67): CodeIgniter\CodeIgniter->run()
CRITICAL - 2022-08-19 09:04:13 --> Undefined variable: marcelo
in APPPATH\Views\message.php on line 237.
 1 APPPATH\Views\message.php(237): CodeIgniter\Debug\Exceptions->errorHandler(8, 'Undefined variable: marcelo', 'APPPATH\\Views\\message.php', 237, [])
 2 SYSTEMPATH\View\View.php(213): include('APPPATH\\Views\\message.php')
 3 SYSTEMPATH\View\View.php(216): CodeIgniter\View\View->CodeIgniter\View\{closure}()
 4 SYSTEMPATH\Common.php(1137): CodeIgniter\View\View->render('message', [], true)
 5 APPPATH\Controllers\Home.php(9): view('message')
 6 SYSTEMPATH\CodeIgniter.php(904): App\Controllers\Home->index()
 7 SYSTEMPATH\CodeIgniter.php(457): CodeIgniter\CodeIgniter->runController(Object(App\Controllers\Home))
 8 SYSTEMPATH\CodeIgniter.php(340): CodeIgniter\CodeIgniter->handleRequest(null, Object(Config\Cache), false)
 9 FCPATH\index.php(67): CodeIgniter\CodeIgniter->run()
