ERROR - 2022-08-22 19:54:34 --> mysqli_sql_exception: Unknown column 'usuarios.deleted_at' in 'where clause' in C:\ServidorWeb\www\fooddeliver\system\Database\MySQLi\Connection.php:292
Stack trace:
#0 C:\ServidorWeb\www\fooddeliver\system\Database\MySQLi\Connection.php(292): mysqli->query('SELECT *\nFROM `...', 0)
#1 C:\ServidorWeb\www\fooddeliver\system\Database\BaseConnection.php(693): CodeIgniter\Database\MySQLi\Connection->execute('SELECT *\nFROM `...')
#2 C:\ServidorWeb\www\fooddeliver\system\Database\BaseConnection.php(620): CodeIgniter\Database\BaseConnection->simpleQuery('SELECT *\nFROM `...')
#3 C:\ServidorWeb\www\fooddeliver\system\Database\BaseBuilder.php(1585): CodeIgniter\Database\BaseConnection->query('SELECT *\nFROM `...', Array, false)
#4 C:\ServidorWeb\www\fooddeliver\system\Model.php(222): CodeIgniter\Database\BaseBuilder->get()
#5 C:\ServidorWeb\www\fooddeliver\system\BaseModel.php(584): CodeIgniter\Model->doFindAll(0, 0)
#6 C:\ServidorWeb\www\fooddeliver\app\Controllers\Admin\Usuarios.php(17): CodeIgniter\BaseModel->findAll()
#7 C:\ServidorWeb\www\fooddeliver\system\CodeIgniter.php(904): App\Controllers\Admin\Usuarios->index()
#8 C:\ServidorWeb\www\fooddeliver\system\CodeIgniter.php(457): CodeIgniter\CodeIgniter->runController(Object(App\Controllers\Admin\Usuarios))
#9 C:\ServidorWeb\www\fooddeliver\system\CodeIgniter.php(340): CodeIgniter\CodeIgniter->handleRequest(NULL, Object(Config\Cache), false)
#10 C:\ServidorWeb\www\fooddeliver\public\index.php(67): CodeIgniter\CodeIgniter->run()
#11 {main}
CRITICAL - 2022-08-22 19:54:34 --> Unknown column 'usuarios.deleted_at' in 'where clause'
in SYSTEMPATH\Database\MySQLi\Connection.php on line 292.
 1 SYSTEMPATH\Database\MySQLi\Connection.php(292): mysqli->query('SELECT *
FROM `usuarios`
WHERE `usuarios`.`deleted_at` IS NULL', 0)
 2 SYSTEMPATH\Database\BaseConnection.php(693): CodeIgniter\Database\MySQLi\Connection->execute('SELECT *
FROM `usuarios`
WHERE `usuarios`.`deleted_at` IS NULL')
 3 SYSTEMPATH\Database\BaseConnection.php(620): CodeIgniter\Database\BaseConnection->simpleQuery('SELECT *
FROM `usuarios`
WHERE `usuarios`.`deleted_at` IS NULL')
 4 SYSTEMPATH\Database\BaseBuilder.php(1585): CodeIgniter\Database\BaseConnection->query('SELECT *
FROM `usuarios`
WHERE `usuarios`.`deleted_at` IS NULL', [], false)
 5 SYSTEMPATH\Model.php(222): CodeIgniter\Database\BaseBuilder->get()
 6 SYSTEMPATH\BaseModel.php(584): CodeIgniter\Model->doFindAll(0, 0)
 7 APPPATH\Controllers\Admin\Usuarios.php(17): CodeIgniter\BaseModel->findAll()
 8 SYSTEMPATH\CodeIgniter.php(904): App\Controllers\Admin\Usuarios->index()
 9 SYSTEMPATH\CodeIgniter.php(457): CodeIgniter\CodeIgniter->runController(Object(App\Controllers\Admin\Usuarios))
10 SYSTEMPATH\CodeIgniter.php(340): CodeIgniter\CodeIgniter->handleRequest(null, Object(Config\Cache), false)
11 FCPATH\index.php(67): CodeIgniter\CodeIgniter->run()
ERROR - 2022-08-22 20:15:20 --> mysqli_sql_exception: Unknown column 'usuarios.deleted_at' in 'where clause' in C:\ServidorWeb\www\fooddeliver\system\Database\MySQLi\Connection.php:292
Stack trace:
#0 C:\ServidorWeb\www\fooddeliver\system\Database\MySQLi\Connection.php(292): mysqli->query('SELECT *\nFROM `...', 0)
#1 C:\ServidorWeb\www\fooddeliver\system\Database\BaseConnection.php(693): CodeIgniter\Database\MySQLi\Connection->execute('SELECT *\nFROM `...')
#2 C:\ServidorWeb\www\fooddeliver\system\Database\BaseConnection.php(620): CodeIgniter\Database\BaseConnection->simpleQuery('SELECT *\nFROM `...')
#3 C:\ServidorWeb\www\fooddeliver\system\Database\BaseBuilder.php(1585): CodeIgniter\Database\BaseConnection->query('SELECT *\nFROM `...', Array, false)
#4 C:\ServidorWeb\www\fooddeliver\system\Model.php(222): CodeIgniter\Database\BaseBuilder->get()
#5 C:\ServidorWeb\www\fooddeliver\system\BaseModel.php(584): CodeIgniter\Model->doFindAll(0, 0)
#6 C:\ServidorWeb\www\fooddeliver\app\Controllers\Admin\Usuarios.php(17): CodeIgniter\BaseModel->findAll()
#7 C:\ServidorWeb\www\fooddeliver\system\CodeIgniter.php(904): App\Controllers\Admin\Usuarios->index()
#8 C:\ServidorWeb\www\fooddeliver\system\CodeIgniter.php(457): CodeIgniter\CodeIgniter->runController(Object(App\Controllers\Admin\Usuarios))
#9 C:\ServidorWeb\www\fooddeliver\system\CodeIgniter.php(340): CodeIgniter\CodeIgniter->handleRequest(NULL, Object(Config\Cache), false)
#10 C:\ServidorWeb\www\fooddeliver\public\index.php(67): CodeIgniter\CodeIgniter->run()
#11 {main}
CRITICAL - 2022-08-22 20:15:20 --> Unknown column 'usuarios.deleted_at' in 'where clause'
in SYSTEMPATH\Database\MySQLi\Connection.php on line 292.
 1 SYSTEMPATH\Database\MySQLi\Connection.php(292): mysqli->query('SELECT *
FROM `usuarios`
WHERE `usuarios`.`deleted_at` IS NULL', 0)
 2 SYSTEMPATH\Database\BaseConnection.php(693): CodeIgniter\Database\MySQLi\Connection->execute('SELECT *
FROM `usuarios`
WHERE `usuarios`.`deleted_at` IS NULL')
 3 SYSTEMPATH\Database\BaseConnection.php(620): CodeIgniter\Database\BaseConnection->simpleQuery('SELECT *
FROM `usuarios`
WHERE `usuarios`.`deleted_at` IS NULL')
 4 SYSTEMPATH\Database\BaseBuilder.php(1585): CodeIgniter\Database\BaseConnection->query('SELECT *
FROM `usuarios`
WHERE `usuarios`.`deleted_at` IS NULL', [], false)
 5 SYSTEMPATH\Model.php(222): CodeIgniter\Database\BaseBuilder->get()
 6 SYSTEMPATH\BaseModel.php(584): CodeIgniter\Model->doFindAll(0, 0)
 7 APPPATH\Controllers\Admin\Usuarios.php(17): CodeIgniter\BaseModel->findAll()
 8 SYSTEMPATH\CodeIgniter.php(904): App\Controllers\Admin\Usuarios->index()
 9 SYSTEMPATH\CodeIgniter.php(457): CodeIgniter\CodeIgniter->runController(Object(App\Controllers\Admin\Usuarios))
10 SYSTEMPATH\CodeIgniter.php(340): CodeIgniter\CodeIgniter->handleRequest(null, Object(Config\Cache), false)
11 FCPATH\index.php(67): CodeIgniter\CodeIgniter->run()
ERROR - 2022-08-22 20:15:27 --> mysqli_sql_exception: Unknown column 'usuarios.deleted_at' in 'where clause' in C:\ServidorWeb\www\fooddeliver\system\Database\MySQLi\Connection.php:292
Stack trace:
#0 C:\ServidorWeb\www\fooddeliver\system\Database\MySQLi\Connection.php(292): mysqli->query('SELECT *\nFROM `...', 0)
#1 C:\ServidorWeb\www\fooddeliver\system\Database\BaseConnection.php(693): CodeIgniter\Database\MySQLi\Connection->execute('SELECT *\nFROM `...')
#2 C:\ServidorWeb\www\fooddeliver\system\Database\BaseConnection.php(620): CodeIgniter\Database\BaseConnection->simpleQuery('SELECT *\nFROM `...')
#3 C:\ServidorWeb\www\fooddeliver\system\Database\BaseBuilder.php(1585): CodeIgniter\Database\BaseConnection->query('SELECT *\nFROM `...', Array, false)
#4 C:\ServidorWeb\www\fooddeliver\system\Model.php(222): CodeIgniter\Database\BaseBuilder->get()
#5 C:\ServidorWeb\www\fooddeliver\system\BaseModel.php(584): CodeIgniter\Model->doFindAll(0, 0)
#6 C:\ServidorWeb\www\fooddeliver\app\Controllers\Admin\Usuarios.php(17): CodeIgniter\BaseModel->findAll()
#7 C:\ServidorWeb\www\fooddeliver\system\CodeIgniter.php(904): App\Controllers\Admin\Usuarios->index()
#8 C:\ServidorWeb\www\fooddeliver\system\CodeIgniter.php(457): CodeIgniter\CodeIgniter->runController(Object(App\Controllers\Admin\Usuarios))
#9 C:\ServidorWeb\www\fooddeliver\system\CodeIgniter.php(340): CodeIgniter\CodeIgniter->handleRequest(NULL, Object(Config\Cache), false)
#10 C:\ServidorWeb\www\fooddeliver\public\index.php(67): CodeIgniter\CodeIgniter->run()
#11 {main}
CRITICAL - 2022-08-22 20:15:27 --> Unknown column 'usuarios.deleted_at' in 'where clause'
in SYSTEMPATH\Database\MySQLi\Connection.php on line 292.
 1 SYSTEMPATH\Database\MySQLi\Connection.php(292): mysqli->query('SELECT *
FROM `usuarios`
WHERE `usuarios`.`deleted_at` IS NULL', 0)
 2 SYSTEMPATH\Database\BaseConnection.php(693): CodeIgniter\Database\MySQLi\Connection->execute('SELECT *
FROM `usuarios`
WHERE `usuarios`.`deleted_at` IS NULL')
 3 SYSTEMPATH\Database\BaseConnection.php(620): CodeIgniter\Database\BaseConnection->simpleQuery('SELECT *
FROM `usuarios`
WHERE `usuarios`.`deleted_at` IS NULL')
 4 SYSTEMPATH\Database\BaseBuilder.php(1585): CodeIgniter\Database\BaseConnection->query('SELECT *
FROM `usuarios`
WHERE `usuarios`.`deleted_at` IS NULL', [], false)
 5 SYSTEMPATH\Model.php(222): CodeIgniter\Database\BaseBuilder->get()
 6 SYSTEMPATH\BaseModel.php(584): CodeIgniter\Model->doFindAll(0, 0)
 7 APPPATH\Controllers\Admin\Usuarios.php(17): CodeIgniter\BaseModel->findAll()
 8 SYSTEMPATH\CodeIgniter.php(904): App\Controllers\Admin\Usuarios->index()
 9 SYSTEMPATH\CodeIgniter.php(457): CodeIgniter\CodeIgniter->runController(Object(App\Controllers\Admin\Usuarios))
10 SYSTEMPATH\CodeIgniter.php(340): CodeIgniter\CodeIgniter->handleRequest(null, Object(Config\Cache), false)
11 FCPATH\index.php(67): CodeIgniter\CodeIgniter->run()
CRITICAL - 2022-08-22 20:24:00 --> Class 'objeto' not found
in SYSTEMPATH\Database\MySQLi\Result.php on line 148.
 1 [internal function]: CodeIgniter\Debug\Exceptions->shutdownHandler()
