CRITICAL - 2022-08-21 16:22:00 --> Undefined variable: data
in APPPATH\Views\Admin\home\index.php on line 1.
 1 APPPATH\Views\Admin\home\index.php(1): CodeIgniter\Debug\Exceptions->errorHandler(8, 'Undefined variable: data', 'APPPATH\\Views\\Admin\\home\\index.php', 1, [...])
 2 SYSTEMPATH\View\View.php(213): include('APPPATH\\Views\\Admin\\home\\index.php')
 3 SYSTEMPATH\View\View.php(216): CodeIgniter\View\View->CodeIgniter\View\{closure}()
 4 SYSTEMPATH\Common.php(1137): CodeIgniter\View\View->render('Admin/Home/index', [], true)
 5 APPPATH\Controllers\Admin\Home.php(12): view('Admin/Home/index', [...])
 6 SYSTEMPATH\CodeIgniter.php(904): App\Controllers\Admin\Home->index()
 7 SYSTEMPATH\CodeIgniter.php(457): CodeIgniter\CodeIgniter->runController(Object(App\Controllers\Admin\Home))
 8 SYSTEMPATH\CodeIgniter.php(340): CodeIgniter\CodeIgniter->handleRequest(null, Object(Config\Cache), false)
 9 FCPATH\index.php(67): CodeIgniter\CodeIgniter->run()
CRITICAL - 2022-08-21 16:24:24 --> Undefined variable: data
in APPPATH\Views\Admin\home\index.php on line 3.
 1 APPPATH\Views\Admin\home\index.php(3): CodeIgniter\Debug\Exceptions->errorHandler(8, 'Undefined variable: data', 'APPPATH\\Views\\Admin\\home\\index.php', 3, [...])
 2 SYSTEMPATH\View\View.php(213): include('APPPATH\\Views\\Admin\\home\\index.php')
 3 SYSTEMPATH\View\View.php(216): CodeIgniter\View\View->CodeIgniter\View\{closure}()
 4 SYSTEMPATH\Common.php(1137): CodeIgniter\View\View->render('Admin/Home/index', [], true)
 5 APPPATH\Controllers\Admin\Home.php(12): view('Admin/Home/index', [...])
 6 SYSTEMPATH\CodeIgniter.php(904): App\Controllers\Admin\Home->index()
 7 SYSTEMPATH\CodeIgniter.php(457): CodeIgniter\CodeIgniter->runController(Object(App\Controllers\Admin\Home))
 8 SYSTEMPATH\CodeIgniter.php(340): CodeIgniter\CodeIgniter->handleRequest(null, Object(Config\Cache), false)
 9 FCPATH\index.php(67): CodeIgniter\CodeIgniter->run()
CRITICAL - 2022-08-21 16:41:38 --> Undefined variable: data
in APPPATH\Views\Admin\home\index.php on line 8.
 1 APPPATH\Views\Admin\home\index.php(8): CodeIgniter\Debug\Exceptions->errorHandler(8, 'Undefined variable: data', 'APPPATH\\Views\\Admin\\home\\index.php', 8, [...])
 2 SYSTEMPATH\View\View.php(213): include('APPPATH\\Views\\Admin\\home\\index.php')
 3 SYSTEMPATH\View\View.php(216): CodeIgniter\View\View->CodeIgniter\View\{closure}()
 4 SYSTEMPATH\Common.php(1137): CodeIgniter\View\View->render('Admin/Home/index', [], true)
 5 APPPATH\Controllers\Admin\Home.php(12): view('Admin/Home/index', [...])
 6 SYSTEMPATH\CodeIgniter.php(904): App\Controllers\Admin\Home->index()
 7 SYSTEMPATH\CodeIgniter.php(457): CodeIgniter\CodeIgniter->runController(Object(App\Controllers\Admin\Home))
 8 SYSTEMPATH\CodeIgniter.php(340): CodeIgniter\CodeIgniter->handleRequest(null, Object(Config\Cache), false)
 9 FCPATH\index.php(67): CodeIgniter\CodeIgniter->run()
ERROR - 2022-08-21 18:35:35 --> mysqli_sql_exception: Incorrect table definition; there can be only one auto column and it must be defined as a key in C:\ServidorWeb\www\fooddeliver\system\Database\MySQLi\Connection.php:292
Stack trace:
#0 C:\ServidorWeb\www\fooddeliver\system\Database\MySQLi\Connection.php(292): mysqli->query('CREATE TABLE `u...', 0)
#1 C:\ServidorWeb\www\fooddeliver\system\Database\BaseConnection.php(693): CodeIgniter\Database\MySQLi\Connection->execute('CREATE TABLE `u...')
#2 C:\ServidorWeb\www\fooddeliver\system\Database\BaseConnection.php(620): CodeIgniter\Database\BaseConnection->simpleQuery('CREATE TABLE `u...')
#3 C:\ServidorWeb\www\fooddeliver\system\Database\Forge.php(509): CodeIgniter\Database\BaseConnection->query('CREATE TABLE `u...')
#4 C:\ServidorWeb\www\fooddeliver\app\Database\Migrations\2022-08-21-231035_CriaTabelaUsuarios.php(84): CodeIgniter\Database\Forge->createTable('usuarios')
#5 C:\ServidorWeb\www\fooddeliver\system\Database\MigrationRunner.php(868): App\Database\Migrations\CriaTabelaUsuarios->up()
#6 C:\ServidorWeb\www\fooddeliver\system\Database\MigrationRunner.php(187): CodeIgniter\Database\MigrationRunner->migrate('up', Object(stdClass))
#7 C:\ServidorWeb\www\fooddeliver\system\Commands\Database\Migrate.php(84): CodeIgniter\Database\MigrationRunner->latest(NULL)
#8 C:\ServidorWeb\www\fooddeliver\system\CLI\Commands.php(63): CodeIgniter\Commands\Database\Migrate->run(Array)
#9 C:\ServidorWeb\www\fooddeliver\system\CLI\CommandRunner.php(65): CodeIgniter\CLI\Commands->run('migrate', Array)
#10 C:\ServidorWeb\www\fooddeliver\system\CLI\CommandRunner.php(51): CodeIgniter\CLI\CommandRunner->index(Array)
#11 C:\ServidorWeb\www\fooddeliver\system\CodeIgniter.php(897): CodeIgniter\CLI\CommandRunner->_remap('index', Array)
#12 C:\ServidorWeb\www\fooddeliver\system\CodeIgniter.php(457): CodeIgniter\CodeIgniter->runController(Object(CodeIgniter\CLI\CommandRunner))
#13 C:\ServidorWeb\www\fooddeliver\system\CodeIgniter.php(336): CodeIgniter\CodeIgniter->handleRequest(NULL, Object(Config\Cache), false)
#14 C:\ServidorWeb\www\fooddeliver\system\CLI\Console.php(48): CodeIgniter\CodeIgniter->run()
#15 C:\ServidorWeb\www\fooddeliver\spark(98): CodeIgniter\CLI\Console->run()
#16 {main}
ERROR - 2022-08-21 18:55:35 --> mysqli_sql_exception: Duplicate entry 'marcelo@marcelo.com' for key 'email' in C:\ServidorWeb\www\fooddeliver\system\Database\MySQLi\Connection.php:292
Stack trace:
#0 C:\ServidorWeb\www\fooddeliver\system\Database\MySQLi\Connection.php(292): mysqli->query('INSERT INTO `us...', 0)
#1 C:\ServidorWeb\www\fooddeliver\system\Database\BaseConnection.php(693): CodeIgniter\Database\MySQLi\Connection->execute('INSERT INTO `us...')
#2 C:\ServidorWeb\www\fooddeliver\system\Database\BaseConnection.php(620): CodeIgniter\Database\BaseConnection->simpleQuery('INSERT INTO `us...')
#3 C:\ServidorWeb\www\fooddeliver\system\Database\BaseBuilder.php(1916): CodeIgniter\Database\BaseConnection->query('INSERT INTO `us...', Array, false)
#4 C:\ServidorWeb\www\fooddeliver\system\Model.php(278): CodeIgniter\Database\BaseBuilder->insert()
#5 C:\ServidorWeb\www\fooddeliver\system\BaseModel.php(738): CodeIgniter\Model->doInsert(Array)
#6 C:\ServidorWeb\www\fooddeliver\system\Model.php(666): CodeIgniter\BaseModel->insert(Array, true)
#7 C:\ServidorWeb\www\fooddeliver\app\Database\Seeds\UsuarioSeeder.php(24): CodeIgniter\Model->insert(Array)
#8 C:\ServidorWeb\www\fooddeliver\system\Database\Seeder.php(145): App\Database\Seeds\UsuarioSeeder->run()
#9 C:\ServidorWeb\www\fooddeliver\system\Commands\Database\Seed.php(77): CodeIgniter\Database\Seeder->call('App\\Database\\Se...')
#10 C:\ServidorWeb\www\fooddeliver\system\CLI\Commands.php(63): CodeIgniter\Commands\Database\Seed->run(Array)
#11 C:\ServidorWeb\www\fooddeliver\system\CLI\CommandRunner.php(65): CodeIgniter\CLI\Commands->run('db:seed', Array)
#12 C:\ServidorWeb\www\fooddeliver\system\CLI\CommandRunner.php(51): CodeIgniter\CLI\CommandRunner->index(Array)
#13 C:\ServidorWeb\www\fooddeliver\system\CodeIgniter.php(897): CodeIgniter\CLI\CommandRunner->_remap('index', Array)
#14 C:\ServidorWeb\www\fooddeliver\system\CodeIgniter.php(457): CodeIgniter\CodeIgniter->runController(Object(CodeIgniter\CLI\CommandRunner))
#15 C:\ServidorWeb\www\fooddeliver\system\CodeIgniter.php(336): CodeIgniter\CodeIgniter->handleRequest(NULL, Object(Config\Cache), false)
#16 C:\ServidorWeb\www\fooddeliver\system\CLI\Console.php(48): CodeIgniter\CodeIgniter->run()
#17 C:\ServidorWeb\www\fooddeliver\spark(98): CodeIgniter\CLI\Console->run()
#18 {main}
ERROR - 2022-08-21 18:56:54 --> mysqli_sql_exception: Duplicate entry 'marcelo@marcelo.com' for key 'email' in C:\ServidorWeb\www\fooddeliver\system\Database\MySQLi\Connection.php:292
Stack trace:
#0 C:\ServidorWeb\www\fooddeliver\system\Database\MySQLi\Connection.php(292): mysqli->query('INSERT INTO `us...', 0)
#1 C:\ServidorWeb\www\fooddeliver\system\Database\BaseConnection.php(693): CodeIgniter\Database\MySQLi\Connection->execute('INSERT INTO `us...')
#2 C:\ServidorWeb\www\fooddeliver\system\Database\BaseConnection.php(620): CodeIgniter\Database\BaseConnection->simpleQuery('INSERT INTO `us...')
#3 C:\ServidorWeb\www\fooddeliver\system\Database\BaseBuilder.php(1916): CodeIgniter\Database\BaseConnection->query('INSERT INTO `us...', Array, false)
#4 C:\ServidorWeb\www\fooddeliver\system\Model.php(278): CodeIgniter\Database\BaseBuilder->insert()
#5 C:\ServidorWeb\www\fooddeliver\system\BaseModel.php(738): CodeIgniter\Model->doInsert(Array)
#6 C:\ServidorWeb\www\fooddeliver\system\Model.php(666): CodeIgniter\BaseModel->insert(Array, true)
#7 C:\ServidorWeb\www\fooddeliver\app\Database\Seeds\UsuarioSeeder.php(23): CodeIgniter\Model->insert(Array)
#8 C:\ServidorWeb\www\fooddeliver\system\Database\Seeder.php(145): App\Database\Seeds\UsuarioSeeder->run()
#9 C:\ServidorWeb\www\fooddeliver\system\Commands\Database\Seed.php(77): CodeIgniter\Database\Seeder->call('App\\Database\\Se...')
#10 C:\ServidorWeb\www\fooddeliver\system\CLI\Commands.php(63): CodeIgniter\Commands\Database\Seed->run(Array)
#11 C:\ServidorWeb\www\fooddeliver\system\CLI\CommandRunner.php(65): CodeIgniter\CLI\Commands->run('db:seed', Array)
#12 C:\ServidorWeb\www\fooddeliver\system\CLI\CommandRunner.php(51): CodeIgniter\CLI\CommandRunner->index(Array)
#13 C:\ServidorWeb\www\fooddeliver\system\CodeIgniter.php(897): CodeIgniter\CLI\CommandRunner->_remap('index', Array)
#14 C:\ServidorWeb\www\fooddeliver\system\CodeIgniter.php(457): CodeIgniter\CodeIgniter->runController(Object(CodeIgniter\CLI\CommandRunner))
#15 C:\ServidorWeb\www\fooddeliver\system\CodeIgniter.php(336): CodeIgniter\CodeIgniter->handleRequest(NULL, Object(Config\Cache), false)
#16 C:\ServidorWeb\www\fooddeliver\system\CLI\Console.php(48): CodeIgniter\CodeIgniter->run()
#17 C:\ServidorWeb\www\fooddeliver\spark(98): CodeIgniter\CLI\Console->run()
#18 {main}
