CRITICAL - 2022-10-10 08:09:31 --> Call to undefined method App\Entities\Usuario::verificaPassword()
in APPPATH\Libraries\Autenticacao.php on line 29.
 1 APPPATH\Controllers\Login.php(29): App\Libraries\Autenticacao->login('telma@telma.com', '123456')
 2 SYSTEMPATH\CodeIgniter.php(904): App\Controllers\Login->criar()
 3 SYSTEMPATH\CodeIgniter.php(457): CodeIgniter\CodeIgniter->runController(Object(App\Controllers\Login))
 4 SYSTEMPATH\CodeIgniter.php(340): CodeIgniter\CodeIgniter->handleRequest(null, Object(Config\Cache), false)
 5 FCPATH\index.php(67): CodeIgniter\CodeIgniter->run()
CRITICAL - 2022-10-10 08:11:51 --> Call to undefined method App\Entities\Usuario::verificaPassword()
in APPPATH\Libraries\Autenticacao.php on line 29.
 1 APPPATH\Controllers\Login.php(29): App\Libraries\Autenticacao->login('telma@telma.com', '123456')
 2 SYSTEMPATH\CodeIgniter.php(904): App\Controllers\Login->criar()
 3 SYSTEMPATH\CodeIgniter.php(457): CodeIgniter\CodeIgniter->runController(Object(App\Controllers\Login))
 4 SYSTEMPATH\CodeIgniter.php(340): CodeIgniter\CodeIgniter->handleRequest(null, Object(Config\Cache), false)
 5 FCPATH\index.php(67): CodeIgniter\CodeIgniter->run()
CRITICAL - 2022-10-10 08:11:55 --> Call to undefined method App\Entities\Usuario::verificaPassword()
in APPPATH\Libraries\Autenticacao.php on line 29.
 1 APPPATH\Controllers\Login.php(29): App\Libraries\Autenticacao->login('telma@telma.com', '123456')
 2 SYSTEMPATH\CodeIgniter.php(904): App\Controllers\Login->criar()
 3 SYSTEMPATH\CodeIgniter.php(457): CodeIgniter\CodeIgniter->runController(Object(App\Controllers\Login))
 4 SYSTEMPATH\CodeIgniter.php(340): CodeIgniter\CodeIgniter->handleRequest(null, Object(Config\Cache), false)
 5 FCPATH\index.php(67): CodeIgniter\CodeIgniter->run()
CRITICAL - 2022-10-10 08:13:22 --> Call to undefined method App\Entities\Usuario::verificaPassword()
in APPPATH\Libraries\Autenticacao.php on line 29.
 1 APPPATH\Controllers\Login.php(29): App\Libraries\Autenticacao->login('telma@telma.com', '123654')
 2 SYSTEMPATH\CodeIgniter.php(904): App\Controllers\Login->criar()
 3 SYSTEMPATH\CodeIgniter.php(457): CodeIgniter\CodeIgniter->runController(Object(App\Controllers\Login))
 4 SYSTEMPATH\CodeIgniter.php(340): CodeIgniter\CodeIgniter->handleRequest(null, Object(Config\Cache), false)
 5 FCPATH\index.php(67): CodeIgniter\CodeIgniter->run()
CRITICAL - 2022-10-10 08:15:39 --> Call to undefined method App\Entities\Usuario::verificaPassword()
in APPPATH\Libraries\Autenticacao.php on line 29.
 1 APPPATH\Controllers\Login.php(29): App\Libraries\Autenticacao->login('sitejoia@hotmail.com', '123456')
 2 SYSTEMPATH\CodeIgniter.php(904): App\Controllers\Login->criar()
 3 SYSTEMPATH\CodeIgniter.php(457): CodeIgniter\CodeIgniter->runController(Object(App\Controllers\Login))
 4 SYSTEMPATH\CodeIgniter.php(340): CodeIgniter\CodeIgniter->handleRequest(null, Object(Config\Cache), false)
 5 FCPATH\index.php(67): CodeIgniter\CodeIgniter->run()
CRITICAL - 2022-10-10 08:17:19 --> Call to undefined method App\Entities\Usuario::verificaPassword()
in APPPATH\Libraries\Autenticacao.php on line 29.
 1 APPPATH\Controllers\Login.php(29): App\Libraries\Autenticacao->login('sitejoia@hotmail.com', '123456')
 2 SYSTEMPATH\CodeIgniter.php(904): App\Controllers\Login->criar()
 3 SYSTEMPATH\CodeIgniter.php(457): CodeIgniter\CodeIgniter->runController(Object(App\Controllers\Login))
 4 SYSTEMPATH\CodeIgniter.php(340): CodeIgniter\CodeIgniter->handleRequest(null, Object(Config\Cache), false)
 5 FCPATH\index.php(67): CodeIgniter\CodeIgniter->run()
CRITICAL - 2022-10-10 08:20:31 --> Call to undefined method App\Entities\Usuario::verificaPassword()
in APPPATH\Libraries\Autenticacao.php on line 29.
 1 APPPATH\Controllers\Login.php(29): App\Libraries\Autenticacao->login('sitejoia@hotmail.com', '123456')
 2 SYSTEMPATH\CodeIgniter.php(904): App\Controllers\Login->criar()
 3 SYSTEMPATH\CodeIgniter.php(457): CodeIgniter\CodeIgniter->runController(Object(App\Controllers\Login))
 4 SYSTEMPATH\CodeIgniter.php(340): CodeIgniter\CodeIgniter->handleRequest(null, Object(Config\Cache), false)
 5 FCPATH\index.php(67): CodeIgniter\CodeIgniter->run()
CRITICAL - 2022-10-10 08:22:19 --> Call to undefined method App\Entities\Usuario::verificaPassword()
in APPPATH\Libraries\Autenticacao.php on line 29.
 1 APPPATH\Controllers\Login.php(29): App\Libraries\Autenticacao->login('sitejoia@hotmail.com', '123456')
 2 SYSTEMPATH\CodeIgniter.php(904): App\Controllers\Login->criar()
 3 SYSTEMPATH\CodeIgniter.php(457): CodeIgniter\CodeIgniter->runController(Object(App\Controllers\Login))
 4 SYSTEMPATH\CodeIgniter.php(340): CodeIgniter\CodeIgniter->handleRequest(null, Object(Config\Cache), false)
 5 FCPATH\index.php(67): CodeIgniter\CodeIgniter->run()
CRITICAL - 2022-10-10 08:23:12 --> Call to undefined method App\Entities\Usuario::verificaPassword()
in APPPATH\Libraries\Autenticacao.php on line 29.
 1 APPPATH\Controllers\Login.php(29): App\Libraries\Autenticacao->login('sitejoia@hotmail.com', '123456')
 2 SYSTEMPATH\CodeIgniter.php(904): App\Controllers\Login->criar()
 3 SYSTEMPATH\CodeIgniter.php(457): CodeIgniter\CodeIgniter->runController(Object(App\Controllers\Login))
 4 SYSTEMPATH\CodeIgniter.php(340): CodeIgniter\CodeIgniter->handleRequest(null, Object(Config\Cache), false)
 5 FCPATH\index.php(67): CodeIgniter\CodeIgniter->run()
CRITICAL - 2022-10-10 08:24:48 --> Call to undefined method App\Entities\Usuario::verificaPassword()
in APPPATH\Libraries\Autenticacao.php on line 29.
 1 APPPATH\Controllers\Login.php(29): App\Libraries\Autenticacao->login('sitejoia@hotmail.com', '123456')
 2 SYSTEMPATH\CodeIgniter.php(904): App\Controllers\Login->criar()
 3 SYSTEMPATH\CodeIgniter.php(457): CodeIgniter\CodeIgniter->runController(Object(App\Controllers\Login))
 4 SYSTEMPATH\CodeIgniter.php(340): CodeIgniter\CodeIgniter->handleRequest(null, Object(Config\Cache), false)
 5 FCPATH\index.php(67): CodeIgniter\CodeIgniter->run()
CRITICAL - 2022-10-10 08:25:04 --> Call to undefined method App\Entities\Usuario::verificaPassword()
in APPPATH\Libraries\Autenticacao.php on line 29.
 1 APPPATH\Controllers\Login.php(29): App\Libraries\Autenticacao->login('sitejoia@hotmail.com', '123456')
 2 SYSTEMPATH\CodeIgniter.php(904): App\Controllers\Login->criar()
 3 SYSTEMPATH\CodeIgniter.php(457): CodeIgniter\CodeIgniter->runController(Object(App\Controllers\Login))
 4 SYSTEMPATH\CodeIgniter.php(340): CodeIgniter\CodeIgniter->handleRequest(null, Object(Config\Cache), false)
 5 FCPATH\index.php(67): CodeIgniter\CodeIgniter->run()
CRITICAL - 2022-10-10 08:29:16 --> Call to undefined method App\Entities\Usuario::verificaPassword()
in APPPATH\Libraries\Autenticacao.php on line 29.
 1 APPPATH\Controllers\Login.php(29): App\Libraries\Autenticacao->login('sitejoia@hotmail.com', '1239875486')
 2 SYSTEMPATH\CodeIgniter.php(904): App\Controllers\Login->criar()
 3 SYSTEMPATH\CodeIgniter.php(457): CodeIgniter\CodeIgniter->runController(Object(App\Controllers\Login))
 4 SYSTEMPATH\CodeIgniter.php(340): CodeIgniter\CodeIgniter->handleRequest(null, Object(Config\Cache), false)
 5 FCPATH\index.php(67): CodeIgniter\CodeIgniter->run()
