CRITICAL - 2022-09-05 19:41:04 --> Trying to access array offset on value of type null
in SYSTEMPATH\BaseModel.php on line 866.
 1 SYSTEMPATH\BaseModel.php(866): CodeIgniter\Debug\Exceptions->errorHandler(8, 'Trying to access array offset on value of type null', 'SYSTEMPATH\\BaseModel.php', 866, [...])
 2 SYSTEMPATH\Model.php(692): CodeIgniter\BaseModel->update(null, [...])
 3 APPPATH\Models\UsuarioModel.php(101): CodeIgniter\Model->update()
 4 APPPATH\Controllers\Admin\Usuarios.php(204): App\Models\UsuarioModel->desfazerExclusao(3)
 5 SYSTEMPATH\CodeIgniter.php(904): App\Controllers\Admin\Usuarios->desfazerExclusao('3')
 6 SYSTEMPATH\CodeIgniter.php(457): CodeIgniter\CodeIgniter->runController(Object(App\Controllers\Admin\Usuarios))
 7 SYSTEMPATH\CodeIgniter.php(340): CodeIgniter\CodeIgniter->handleRequest(null, Object(Config\Cache), false)
 8 FCPATH\index.php(67): CodeIgniter\CodeIgniter->run()
CRITICAL - 2022-09-05 19:41:14 --> Trying to access array offset on value of type null
in SYSTEMPATH\BaseModel.php on line 866.
 1 SYSTEMPATH\BaseModel.php(866): CodeIgniter\Debug\Exceptions->errorHandler(8, 'Trying to access array offset on value of type null', 'SYSTEMPATH\\BaseModel.php', 866, [...])
 2 SYSTEMPATH\Model.php(692): CodeIgniter\BaseModel->update(null, [...])
 3 APPPATH\Models\UsuarioModel.php(101): CodeIgniter\Model->update()
 4 APPPATH\Controllers\Admin\Usuarios.php(204): App\Models\UsuarioModel->desfazerExclusao(3)
 5 SYSTEMPATH\CodeIgniter.php(904): App\Controllers\Admin\Usuarios->desfazerExclusao('3')
 6 SYSTEMPATH\CodeIgniter.php(457): CodeIgniter\CodeIgniter->runController(Object(App\Controllers\Admin\Usuarios))
 7 SYSTEMPATH\CodeIgniter.php(340): CodeIgniter\CodeIgniter->handleRequest(null, Object(Config\Cache), false)
 8 FCPATH\index.php(67): CodeIgniter\CodeIgniter->run()
CRITICAL - 2022-09-05 19:42:10 --> Trying to access array offset on value of type null
in SYSTEMPATH\BaseModel.php on line 866.
 1 SYSTEMPATH\BaseModel.php(866): CodeIgniter\Debug\Exceptions->errorHandler(8, 'Trying to access array offset on value of type null', 'SYSTEMPATH\\BaseModel.php', 866, [...])
 2 SYSTEMPATH\Model.php(692): CodeIgniter\BaseModel->update(null, [...])
 3 APPPATH\Models\UsuarioModel.php(101): CodeIgniter\Model->update()
 4 APPPATH\Controllers\Admin\Usuarios.php(204): App\Models\UsuarioModel->desfazerExclusao(3)
 5 SYSTEMPATH\CodeIgniter.php(904): App\Controllers\Admin\Usuarios->desfazerExclusao('3')
 6 SYSTEMPATH\CodeIgniter.php(457): CodeIgniter\CodeIgniter->runController(Object(App\Controllers\Admin\Usuarios))
 7 SYSTEMPATH\CodeIgniter.php(340): CodeIgniter\CodeIgniter->handleRequest(null, Object(Config\Cache), false)
 8 FCPATH\index.php(67): CodeIgniter\CodeIgniter->run()
CRITICAL - 2022-09-05 19:42:11 --> Trying to access array offset on value of type null
in SYSTEMPATH\BaseModel.php on line 866.
 1 SYSTEMPATH\BaseModel.php(866): CodeIgniter\Debug\Exceptions->errorHandler(8, 'Trying to access array offset on value of type null', 'SYSTEMPATH\\BaseModel.php', 866, [...])
 2 SYSTEMPATH\Model.php(692): CodeIgniter\BaseModel->update(null, [...])
 3 APPPATH\Models\UsuarioModel.php(101): CodeIgniter\Model->update()
 4 APPPATH\Controllers\Admin\Usuarios.php(204): App\Models\UsuarioModel->desfazerExclusao(3)
 5 SYSTEMPATH\CodeIgniter.php(904): App\Controllers\Admin\Usuarios->desfazerExclusao('3')
 6 SYSTEMPATH\CodeIgniter.php(457): CodeIgniter\CodeIgniter->runController(Object(App\Controllers\Admin\Usuarios))
 7 SYSTEMPATH\CodeIgniter.php(340): CodeIgniter\CodeIgniter->handleRequest(null, Object(Config\Cache), false)
 8 FCPATH\index.php(67): CodeIgniter\CodeIgniter->run()
CRITICAL - 2022-09-05 19:42:17 --> Trying to access array offset on value of type null
in SYSTEMPATH\BaseModel.php on line 866.
 1 SYSTEMPATH\BaseModel.php(866): CodeIgniter\Debug\Exceptions->errorHandler(8, 'Trying to access array offset on value of type null', 'SYSTEMPATH\\BaseModel.php', 866, [...])
 2 SYSTEMPATH\Model.php(692): CodeIgniter\BaseModel->update(null, [...])
 3 APPPATH\Models\UsuarioModel.php(101): CodeIgniter\Model->update()
 4 APPPATH\Controllers\Admin\Usuarios.php(204): App\Models\UsuarioModel->desfazerExclusao(3)
 5 SYSTEMPATH\CodeIgniter.php(904): App\Controllers\Admin\Usuarios->desfazerExclusao('3')
 6 SYSTEMPATH\CodeIgniter.php(457): CodeIgniter\CodeIgniter->runController(Object(App\Controllers\Admin\Usuarios))
 7 SYSTEMPATH\CodeIgniter.php(340): CodeIgniter\CodeIgniter->handleRequest(null, Object(Config\Cache), false)
 8 FCPATH\index.php(67): CodeIgniter\CodeIgniter->run()
